<?xml version="1.0" encoding="UTF-8" standalone="no"?>
<testsuite failures="0" name="cucumber.runtime.formatter.JUnitFormatter" skipped="0" tests="1" time="0">
    <testcase classname="Rediffmail login features" name="Rediffmail login test scenario" time="0">
        <system-out><![CDATA[Given User is already on login page.........................................skipped
When title of login page is rediff..........................................skipped
Then user enters username and password......................................skipped
Then user clicks on login button............................................skipped
Then user is on home page...................................................skipped
]]></system-out>
    </testcase>
</testsuite>
