<?xml version="1.0" encoding="UTF-8"?>
<testng-results ignored="0" total="1" passed="1" failed="0" skipped="0">
  <reporter-output>
  </reporter-output>
  <suite started-at="2023-12-01T03:32:07 IST" name="Default suite" finished-at="2023-12-01T03:32:11 IST" duration-ms="3892">
    <groups>
    </groups>
    <test started-at="2023-12-01T03:32:07 IST" name="Default test" finished-at="2023-12-01T03:32:11 IST" duration-ms="3892">
      <class name="session03.Test_DeleteMethod">
        <test-method signature="test06()[pri:0, instance:session03.Test_DeleteMethod@71809907]" started-at="2023-12-01T03:32:07 IST" name="test06" finished-at="2023-12-01T03:32:11 IST" duration-ms="3805" status="PASS">
          <reporter-output>
          </reporter-output>
        </test-method> <!-- test06 -->
      </class> <!-- session03.Test_DeleteMethod -->
    </test> <!-- Default test -->
  </suite> <!-- Default suite -->
</testng-results>
