<?xml version="1.0" encoding="UTF-8"?>
<testng-results ignored="0" total="1" passed="1" failed="0" skipped="0">
  <reporter-output>
  </reporter-output>
  <suite started-at="2023-11-24T18:11:08 IST" name="Default suite" finished-at="2023-11-24T18:11:13 IST" duration-ms="4775">
    <groups>
    </groups>
    <test started-at="2023-11-24T18:11:08 IST" name="Default test" finished-at="2023-11-24T18:11:13 IST" duration-ms="4775">
      <class name="session17.JSONObjectUsingJacksonAPI">
        <test-method signature="CreateUser()[pri:0, instance:session17.JSONObjectUsingJacksonAPI@4fb0f2b9]" started-at="2023-11-24T18:11:08 IST" name="CreateUser" finished-at="2023-11-24T18:11:13 IST" duration-ms="4697" status="PASS">
          <reporter-output>
          </reporter-output>
        </test-method> <!-- CreateUser -->
      </class> <!-- session17.JSONObjectUsingJacksonAPI -->
    </test> <!-- Default test -->
  </suite> <!-- Default suite -->
</testng-results>
